<?xml version="1.0" encoding="UTF-8"?>
<!-- Generated by org.testng.reporters.JUnitReportReporter -->
<testsuite skipped="0" hostname="Tarun" name="helloWorld.TestHelloWorld" tests="1" failures="0" timestamp="2020-10-07T21:07:34 EDT" time="0.009" errors="0">
  <testcase name="testHelloWorld" time="0.009" classname="helloWorld.TestHelloWorld"/>
  <system-out/>
</testsuite> <!-- helloWorld.TestHelloWorld -->
